Saturday
Wednesday
Sunday
Monday
Tuesday
Wednesday
Saturday
Monday
Thursday
Tuesday
Sunday
Friday
Tuesday
Wednesday
Friday
Friday
Sunday
Friday
Saturday
Sunday
Thursday
Monday
Friday
Sunday
Thursday
Monday
Wednesday
Tuesday
Tuesday
Thursday
Tuesday
Tuesday
Wednesday
Wednesday
Thursday
Saturday
Wednesday
Friday
Sunday
Sunday
Friday
Sunday
Tuesday
Monday
Monday
Thursday
Monday
Monday
Wednesday
Wednesday
Monday
Tuesday
Wednesday
Monday
Thursday
Friday
Saturday
Friday
Friday
Wednesday
Wednesday
Friday
Saturday
Friday
Sunday
Tuesday
Thursday
Monday
Sunday
Friday
Tuesday
Sunday
Monday
Thursday
Monday
Tuesday
Tuesday
Monday
Friday
Thursday
Friday
Monday
Monday
Friday
Wednesday
Monday
Saturday
Sunday
Saturday
Tuesday
Saturday
Sunday
Sunday
Saturday
Thursday
Monday
Sunday
Sunday
Tuesday
Saturday
