3683
3858
2769
5139
5403
17441
4040
3929
1441
7424
1508
3074
1876
4367
2128
4013
3226
3407
9149
2477
1800
3305
1844
4649
4542
10254
2539
3538
3554
2864
4329
4443
6974
11278
4422
4362
6001
1865
5055
7170
4637
5531
3632
3191
3301
4705
1878
4881
13996
4133
6236
3175
1302
4503
3673
7380
4611
3296
7946
2155
2636
5227
9928
4997
6621
4555
1712
5034
3275
2228
8709
3449
4496
4332
2332
1657
11239
4359
3356
4472
2817
4595
9058
2951
1371
3790
2527
7518
3282
3279
1976
8920
3366
5856
6754
4253
10278
2345
4636
3680
