659889728
292418943
105139627
778881134
882481696
537754678
17436739
271049540
45874652
79882039
191581335
46709084
169955360
772580519
397057580
921591234
711255376
829844827
813549993
147371631
21450616
709527356
167576296
187000222
820495127
570793464
441880520
492759581
139540948
172845983
959860048
611114344
857779481
572388529
46394144
435390196
354341569
387082993
181817798
857407549
362337823
341377665
409029471
674938933
586836611
362966900
407818716
903058753
27080589
899620903
186638105
377967090
751254165
181439236
543534116
33039375
37134332
393275214
202267509
36724523
926150708
329086418
578023927
43520544
364520204
416115894
773707088
88319931
491522977
83242781
49658389
203572815
426575698
214722828
364230862
168210668
23770802
562809355
380246893
717757915
507250644
193038843
536133683
402397801
646646727
390479274
217087896
844953359
791903380
822070757
276487422
992866937
32433924
12160329
570474093
127249579
706078986
984376694
455545143
685721179
